TN:
SF:C:\xampp\htdocs\epic-mail\src\server.js
FN:9,(anonymous_0)
FNF:1
FNH:1
FNDA:1,(anonymous_0)
DA:4,1
DA:6,1
DA:8,1
DA:9,1
DA:10,1
DA:11,1
DA:12,1
LF:7
LH:7
BRDA:10,0,0,1
BRDA:10,0,1,1
BRF:2
BRH:2
end_of_record
TN:
SF:C:\xampp\htdocs\epic-mail\src\controllers\message.js
FN:4,(anonymous_0)
FN:13,(anonymous_1)
FN:22,(anonymous_2)
FN:31,(anonymous_3)
FN:40,(anonymous_4)
FN:50,(anonymous_5)
FNF:6
FNH:6
FNDA:2,(anonymous_0)
FNDA:2,(anonymous_1)
FNDA:2,(anonymous_2)
FNDA:2,(anonymous_3)
FNDA:2,(anonymous_4)
FNDA:2,(anonymous_5)
DA:3,1
DA:5,2
DA:6,2
DA:7,1
DA:11,1
DA:14,2
DA:15,2
DA:16,1
DA:20,1
DA:23,2
DA:24,2
DA:25,1
DA:29,1
DA:32,2
DA:33,2
DA:34,1
DA:38,1
DA:41,2
DA:43,2
DA:44,1
DA:48,1
DA:51,2
DA:52,2
DA:53,1
DA:57,1
LF:25
LH:25
BRDA:6,0,0,1
BRDA:6,0,1,1
BRDA:15,1,0,1
BRDA:15,1,1,1
BRDA:24,2,0,1
BRDA:24,2,1,1
BRDA:33,3,0,1
BRDA:33,3,1,1
BRDA:43,4,0,1
BRDA:43,4,1,1
BRDA:52,5,0,1
BRDA:52,5,1,1
BRF:12
BRH:12
end_of_record
TN:
SF:C:\xampp\htdocs\epic-mail\src\controllers\user.js
FN:4,(anonymous_0)
FN:17,(anonymous_1)
FNF:2
FNH:2
FNDA:2,(anonymous_0)
FNDA:2,(anonymous_1)
DA:3,1
DA:5,2
DA:6,2
DA:11,1
DA:15,1
DA:18,2
DA:19,2
DA:20,1
DA:23,1
LF:9
LH:9
BRDA:6,0,0,1
BRDA:6,0,1,1
BRDA:6,1,0,2
BRDA:6,1,1,1
BRDA:6,1,2,1
BRDA:6,1,3,1
BRDA:6,1,4,1
BRDA:19,2,0,1
BRDA:19,2,1,1
BRDA:19,3,0,2
BRDA:19,3,1,2
BRDA:19,3,2,2
BRF:12
BRH:12
end_of_record
TN:
SF:C:\xampp\htdocs\epic-mail\src\models\message.js
FN:4,(anonymous_0)
FN:54,(anonymous_1)
FN:97,(anonymous_2)
FN:105,(anonymous_3)
FN:119,(anonymous_4)
FN:128,(anonymous_5)
FN:143,(anonymous_6)
FN:151,(anonymous_7)
FN:165,(anonymous_8)
FN:168,(anonymous_9)
FN:179,(anonymous_10)
FNF:11
FNH:11
FNDA:1,(anonymous_0)
FNDA:6,(anonymous_1)
FNDA:5,(anonymous_2)
FNDA:15,(anonymous_3)
FNDA:5,(anonymous_4)
FNDA:15,(anonymous_5)
FNDA:5,(anonymous_6)
FNDA:15,(anonymous_7)
FNDA:8,(anonymous_8)
FNDA:22,(anonymous_9)
FNDA:4,(anonymous_10)
DA:5,1
DA:6,1
DA:16,1
DA:26,1
DA:36,1
DA:46,1
DA:48,1
DA:49,1
DA:50,1
DA:51,1
DA:55,6
DA:56,6
DA:57,6
DA:59,6
DA:60,1
DA:61,1
DA:63,5
DA:64,2
DA:65,2
DA:69,3
DA:70,1
DA:71,1
DA:74,2
DA:75,2
DA:78,2
DA:90,2
DA:93,2
DA:94,2
DA:98,5
DA:99,5
DA:100,5
DA:101,2
DA:102,2
DA:105,3
DA:106,15
DA:107,6
DA:109,15
DA:112,3
DA:114,1
DA:116,2
DA:120,5
DA:121,5
DA:122,5
DA:123,2
DA:125,2
DA:128,3
DA:129,15
DA:130,4
DA:132,15
DA:135,3
DA:137,1
DA:140,2
DA:144,5
DA:145,5
DA:146,5
DA:147,2
DA:148,2
DA:151,3
DA:152,15
DA:153,4
DA:155,15
DA:158,3
DA:160,1
DA:162,2
DA:166,8
DA:167,8
DA:168,22
DA:171,8
DA:172,4
DA:173,4
DA:175,4
DA:176,4
DA:180,4
DA:181,4
DA:182,4
DA:183,2
DA:184,2
DA:187,2
DA:188,2
DA:190,2
DA:191,2
DA:192,2
DA:194,2
LF:83
LH:83
BRDA:59,0,0,1
BRDA:59,0,1,5
BRDA:63,1,0,2
BRDA:63,1,1,3
BRDA:69,2,0,1
BRDA:69,2,1,2
BRDA:100,3,0,2
BRDA:100,3,1,3
BRDA:106,4,0,6
BRDA:106,4,1,9
BRDA:106,5,0,15
BRDA:106,5,1,6
BRDA:112,6,0,1
BRDA:112,6,1,2
BRDA:122,7,0,2
BRDA:122,7,1,3
BRDA:129,8,0,4
BRDA:129,8,1,11
BRDA:129,9,0,15
BRDA:129,9,1,4
BRDA:135,10,0,1
BRDA:135,10,1,2
BRDA:146,11,0,2
BRDA:146,11,1,3
BRDA:152,12,0,4
BRDA:152,12,1,11
BRDA:152,13,0,15
BRDA:152,13,1,4
BRDA:152,13,2,4
BRDA:158,14,0,1
BRDA:158,14,1,2
BRDA:171,15,0,4
BRDA:171,15,1,4
BRDA:182,16,0,2
BRDA:182,16,1,2
BRDA:191,17,0,2
BRDA:191,17,1,0
BRF:37
BRH:36
end_of_record
TN:
SF:C:\xampp\htdocs\epic-mail\src\models\user.js
FN:2,(anonymous_0)
FN:40,(anonymous_1)
FN:42,(anonymous_2)
FN:65,(anonymous_3)
FN:71,(anonymous_4)
FN:80,(anonymous_5)
FN:86,(anonymous_6)
FNF:7
FNH:7
FNDA:1,(anonymous_0)
FNDA:5,(anonymous_1)
FNDA:21,(anonymous_2)
FNDA:30,(anonymous_3)
FNDA:71,(anonymous_4)
FNDA:2,(anonymous_5)
FNDA:6,(anonymous_6)
DA:3,1
DA:4,1
DA:11,1
DA:18,1
DA:25,1
DA:32,1
DA:33,1
DA:34,1
DA:35,1
DA:36,1
DA:41,5
DA:42,21
DA:43,5
DA:44,2
DA:45,2
DA:47,3
DA:48,1
DA:49,1
DA:51,2
DA:52,2
DA:53,2
DA:60,2
DA:61,2
DA:66,30
DA:67,30
DA:68,2
DA:69,2
DA:71,71
DA:73,28
DA:74,9
DA:75,9
DA:77,19
DA:81,2
DA:82,2
DA:83,0
DA:84,0
DA:86,6
DA:88,2
DA:89,1
DA:90,1
DA:92,1
LF:41
LH:39
BRDA:43,0,0,2
BRDA:43,0,1,3
BRDA:43,1,0,5
BRDA:43,1,1,3
BRDA:43,1,2,3
BRDA:43,1,3,3
BRDA:47,2,0,1
BRDA:47,2,1,2
BRDA:67,3,0,2
BRDA:67,3,1,28
BRDA:73,4,0,9
BRDA:73,4,1,19
BRDA:82,5,0,0
BRDA:82,5,1,2
BRDA:82,6,0,2
BRDA:82,6,1,2
BRDA:86,7,0,6
BRDA:86,7,1,1
BRDA:88,8,0,1
BRDA:88,8,1,1
BRF:20
BRH:19
end_of_record
TN:
SF:C:\xampp\htdocs\epic-mail\src\routes\route.js
FNF:0
FNH:0
DA:5,1
DA:7,1
DA:8,1
DA:9,1
DA:10,1
DA:11,1
DA:12,1
DA:13,1
DA:14,1
LF:9
LH:9
BRF:0
BRH:0
end_of_record
